Determining if the pthread_create exist failed with the following output:
Change Dir: /home/ntbeyers/husky_devel/build/CMakeFiles/CMakeTmp

Run Build Command:/usr/bin/make "cmTryCompileExec2124781891/fast"
/usr/bin/make -f CMakeFiles/cmTryCompileExec2124781891.dir/build.make CMakeFiles/cmTryCompileExec2124781891.dir/build
make[1]: Entering directory `/home/ntbeyers/husky_devel/build/CMakeFiles/CMakeTmp'
/usr/bin/cmake -E cmake_progress_report /home/ntbeyers/husky_devel/build/CMakeFiles/CMakeTmp/CMakeFiles 1
Building C object CMakeFiles/cmTryCompileExec2124781891.dir/CheckSymbolExists.c.o
/usr/bin/cc    -o CMakeFiles/cmTryCompileExec2124781891.dir/CheckSymbolExists.c.o   -c /home/ntbeyers/husky_devel/build/CMakeFiles/CMakeTmp/CheckSymbolExists.c
Linking C executable cmTryCompileExec2124781891
/usr/bin/cmake -E cmake_link_script CMakeFiles/cmTryCompileExec2124781891.dir/link.txt --verbose=1
/usr/bin/cc       CMakeFiles/cmTryCompileExec2124781891.dir/CheckSymbolExists.c.o  -o cmTryCompileExec2124781891 -rdynamic 
CMakeFiles/cmTryCompileExec2124781891.dir/CheckSymbolExists.c.o: In function `main':
CheckSymbolExists.c:(.text+0x16): undefined reference to `pthread_create'
collect2: error: ld returned 1 exit status
make[1]: Leaving directory `/home/ntbeyers/husky_devel/build/CMakeFiles/CMakeTmp'
make[1]: *** [cmTryCompileExec2124781891] Error 1
make: *** [cmTryCompileExec2124781891/fast] Error 2

File /home/ntbeyers/husky_devel/build/CMakeFiles/CMakeTmp/CheckSymbolExists.c:
/* */
#include <pthread.h>

int main(int argc, char** argv)
{
  (void)argv;
#ifndef pthread_create
  return ((int*)(&pthread_create))[argc];
#else
  (void)argc;
  return 0;
#endif
}

Determining if the function pthread_create exists in the pthreads failed with the following output:
Change Dir: /home/ntbeyers/husky_devel/build/CMakeFiles/CMakeTmp

Run Build Command:/usr/bin/make "cmTryCompileExec2392457395/fast"
/usr/bin/make -f CMakeFiles/cmTryCompileExec2392457395.dir/build.make CMakeFiles/cmTryCompileExec2392457395.dir/build
make[1]: Entering directory `/home/ntbeyers/husky_devel/build/CMakeFiles/CMakeTmp'
/usr/bin/cmake -E cmake_progress_report /home/ntbeyers/husky_devel/build/CMakeFiles/CMakeTmp/CMakeFiles 1
Building C object CMakeFiles/cmTryCompileExec2392457395.dir/CheckFunctionExists.c.o
/usr/bin/cc   -DCHECK_FUNCTION_EXISTS=pthread_create   -o CMakeFiles/cmTryCompileExec2392457395.dir/CheckFunctionExists.c.o   -c /usr/share/cmake-2.8/Modules/CheckFunctionExists.c
Linking C executable cmTryCompileExec2392457395
/usr/bin/cmake -E cmake_link_script CMakeFiles/cmTryCompileExec2392457395.dir/link.txt --verbose=1
/usr/bin/cc   -DCHECK_FUNCTION_EXISTS=pthread_create    CMakeFiles/cmTryCompileExec2392457395.dir/CheckFunctionExists.c.o  -o cmTryCompileExec2392457395 -rdynamic -lpthreads 
/usr/bin/ld: cannot find -lpthreads
collect2: error: ld returned 1 exit status
make[1]: *** [cmTryCompileExec2392457395] Error 1
make[1]: Leaving directory `/home/ntbeyers/husky_devel/build/CMakeFiles/CMakeTmp'
make: *** [cmTryCompileExec2392457395/fast] Error 2


